e:\学习文件\软件工程基础\sudokuwork-bit1120161918-master\sudokuwork\sudoku\sudoku\debug\sudoku.pch.codeanalysis
e:\学习文件\软件工程基础\sudokuwork-bit1120161918-master\sudokuwork\sudoku\sudoku\debug\vc141.pdb
e:\学习文件\软件工程基础\sudokuwork-bit1120161918-master\sudokuwork\sudoku\sudoku\debug\vc141.idb
e:\学习文件\软件工程基础\sudokuwork-bit1120161918-master\sudokuwork\sudoku\sudoku\debug\sudoku.pch.codeanalysisast
e:\学习文件\软件工程基础\sudokuwork-bit1120161918-master\sudokuwork\sudoku\sudoku\debug\stdafx.nativecodeanalysis.xml
e:\学习文件\软件工程基础\sudokuwork-bit1120161918-master\sudokuwork\sudoku\sudoku\debug\stdafx.obj
e:\学习文件\软件工程基础\sudokuwork-bit1120161918-master\sudokuwork\sudoku\sudoku\debug\main.nativecodeanalysis.xml
e:\学习文件\软件工程基础\sudokuwork-bit1120161918-master\sudokuwork\sudoku\sudoku\debug\solve.nativecodeanalysis.xml
e:\学习文件\软件工程基础\sudokuwork-bit1120161918-master\sudokuwork\sudoku\sudoku\debug\initial.nativecodeanalysis.xml
e:\学习文件\软件工程基础\sudokuwork-bit1120161918-master\sudokuwork\sudoku\sudoku\debug\define.nativecodeanalysis.xml
e:\学习文件\软件工程基础\sudokuwork-bit1120161918-master\sudokuwork\sudoku\sudoku\debug\create.nativecodeanalysis.xml
e:\学习文件\软件工程基础\sudokuwork-bit1120161918-master\sudokuwork\sudoku\sudoku\debug\create.obj
e:\学习文件\软件工程基础\sudokuwork-bit1120161918-master\sudokuwork\sudoku\sudoku\debug\define.obj
e:\学习文件\软件工程基础\sudokuwork-bit1120161918-master\sudokuwork\sudoku\sudoku\debug\initial.obj
e:\学习文件\软件工程基础\sudokuwork-bit1120161918-master\sudokuwork\sudoku\sudoku\debug\solve.obj
e:\学习文件\软件工程基础\sudokuwork-bit1120161918-master\sudokuwork\sudoku\sudoku\debug\main.obj
e:\学习文件\软件工程基础\sudokuwork-bit1120161918-master\sudokuwork\sudoku\debug\sudoku.ilk
e:\学习文件\软件工程基础\sudokuwork-bit1120161918-master\sudokuwork\sudoku\debug\sudoku.exe
e:\学习文件\软件工程基础\sudokuwork-bit1120161918-master\sudokuwork\sudoku\debug\sudoku.pdb
e:\学习文件\软件工程基础\sudokuwork-bit1120161918-master\sudokuwork\sudoku\sudoku\debug\nativecodeanalysis.read.1.tlog
e:\学习文件\软件工程基础\sudokuwork-bit1120161918-master\sudokuwork\sudoku\sudoku\debug\vc.nativecodeanalysis.all.xml
e:\学习文件\软件工程基础\sudokuwork-bit1120161918-master\sudokuwork\sudoku\debug\sudoku.exe.lastcodeanalysissucceeded
e:\学习文件\软件工程基础\sudokuwork-bit1120161918-master\sudokuwork\sudoku\sudoku\debug\sudoku.tlog\cl.command.1.tlog
e:\学习文件\软件工程基础\sudokuwork-bit1120161918-master\sudokuwork\sudoku\sudoku\debug\sudoku.tlog\cl.read.1.tlog
e:\学习文件\软件工程基础\sudokuwork-bit1120161918-master\sudokuwork\sudoku\sudoku\debug\sudoku.tlog\cl.write.1.tlog
e:\学习文件\软件工程基础\sudokuwork-bit1120161918-master\sudokuwork\sudoku\sudoku\debug\sudoku.tlog\link.command.1.tlog
e:\学习文件\软件工程基础\sudokuwork-bit1120161918-master\sudokuwork\sudoku\sudoku\debug\sudoku.tlog\link.read.1.tlog
e:\学习文件\软件工程基础\sudokuwork-bit1120161918-master\sudokuwork\sudoku\sudoku\debug\sudoku.tlog\link.write.1.tlog
